
-------------------- Trial 0  --------------------

Trial 0 Training MaxEntTrainer,gaussianPriorVariance=1.0 with 46451 instances
Trial 0 Training MaxEntTrainer,gaussianPriorVariance=1.0 finished
Trial 0 Trainer MaxEntTrainer,gaussianPriorVariance=1.0 training data accuracy= 0.7763880217863985
Trial 0 Trainer MaxEntTrainer,gaussianPriorVariance=1.0 Test Data Confusion Matrix
Confusion Matrix, row=true, column=predicted  accuracy=0.6884442629644753
    label   0   1   2   3   4   5   6   7   8   9  10  11  12  13  14  15  16  17  18  19  20  21  22  23  24  25  26  27  28  29  30  31  32  33  34  35  36  37  38  39  40  41  42  43  44  |total
  0   NNP 128  46   8   .   2   .   .   1   9   1   .   .   1   .   1   1   1   .   .   .   .   .   .   .   .   6   .   .   .   1   .   .   .   .   .   .   1   .   .   .   .   .   .   .   .  |207
  1 comma   . 129   1   .   .   .   .   .   .   .   .   .   .   .   .   .   .   .   .   .   .   .   .   .   .   .   .   .   .   .   .   .   .   .   .   .   .   .   .   .   .   .   .   .   .  |130
  2    CD   5   .  44   1   1   1   1   3   4   5   .   .   .   1   .   .   .   .   .   1   .   .   .   2   .   .   .   .   .   .   .   .   .   .   .   .   .   .   .   .   .   .   .   .   .  |69
  3   NNS   6  10   .  83   2   1   .   1   3   6   .   5   .   .   2   .   .   1   .   .   1   .   .   .   .   .   .   .   .   .   .   .   .   .   .   .   .   .   .   .   .   .   .   .   .  |121
  4    JJ   6   .   1   .  75   .   1   1  45   1   .   .   .   .   .   1   6   .   .   .   .   .   .   .   .   .   .   .   .   .   .   .   .   .   .   .   .   .   .   .   .   .   .   .   .  |137
  5    MD   .   .   .   .   .  20   .   1   3   .   .   .   .   .   1   .   1   .   .   .   1   4   .   .   .   .   .   .   .   .   .   .   .   .   .   .   .   .   .   .   .   .   .   .   .  |31
  6    VB   1   1   .   .   5   .  80   2   2   .   .   .   .   1   .   .   1   .   .   .   .   .   .   1   .   .   .   .   .   .   .   .   .   .   .   .   .   .   .   .   .   .   .   .   .  |94
  7    DT   3   .   1   .   1   .   2 212   5   9   .   3   .   1   .   .   8   .   .   .   .   .   .   .   .   .   .   .   .   1   .   .   .   .   .   .   .   .   .   .   .   .   .   .   .  |246
  8    NN  15  24   4   3  24   1   2   1 236   7   .   3  10   3   2   .   .   .   2   .   1   .   .   .   1   1   .   .   .   .   .   .   .   .   .   .   .   .   .   .   .   .   .   .   .  |340
  9    IN   8   .   3   .   6   2   .  23  18 149   1   1   1   1   1   .   2   7   5   .   1   1   .   2   .   3   1   .   .   .   .   .   .   .   .   .   .   .   .   .   .   .   .   .   .  |236
 10     .   1   1   .   .   .   .   .   .   2   .  91   .   .   .   1   .   1   .   .   .   .   .   .   .   .   .   .   .   2   .   .   .   .   .   .   .   .   .   .   .   .   .   .   .   .  |99
 11   VBZ   3   .   .  11   .   .   1   1   3   2   .  41   .   1   .   .   .   .   .   .   .   1   .   .   .   2   .   .   .   1   .   .   .   .   .   .   .   .   .   .   .   .   .   .   .  |67
 12   VBG   .   .   .   1   .   .   .   .   6   .   .   .  39   .   .   .   .   .   .   .   .   .   .   .   .   .   .   .   .   .   .   .   .   .   .   .   .   .   .   .   .   .   .   .   .  |46
 13    CC   .   3   1   .   .   .   .   1   1   .   .   .   .  42   .   .   .   .   .   .   .   .   .   .   .   .   .   .   .   .   .   .   .   .   .   .   .   .   .   .   .   .   .   .   .  |48
 14   VBD   2   1   .   1   3   .   .   1   4   3   .   1   .   .  55   4   2   .   .   .   .   4   .   .   .   .   .   .   .   .   .   .   .   .   .   .   .   1   .   .   .   .   .   .   .  |82
 15   VBN   1   2   1   .   7   .   3   1   1   .   .   .   .   1   6  26   3   .   .   .   .   .   .   .   .   .   .   .   .   .   .   .   .   .   .   .   .   .   .   .   .   .   .   .   .  |52
 16    RB   6   .   1   .   6   .   4   3   7   8   .   1   .   2   3   .  34   1   2   1   .   1   1   .   .   .   .   .   .   .   .   .   .   .   .   .   .   .   .   .   .   .   .   .   .  |81
 17    TO   3   .   1   1   1   .   2   2   .   7   .   .   .   .   .   1   2  44   1   .   .   .   .   1   .   .   .   .   .   .   .   .   .   .   .   .   .   .   .   .   .   .   .   .   .  |66
 18   PRP   1   .   .   .   .   .   3   1   .   4   .   1   .   .   .   .   .   .  50   .   .   .   1   1   .   .   2   .   .   1   .   .   .   .   .   .   .   .   .   .   .   .   .   .   .  |65
 19   RBR   .   .   .   .   1   .   .   .   1   1   .   .   .   .   .   .   1   .   .   1   .   .   .   .   .   .   .   .   .   .   .   4   .   .   .   .   .   .   .   .   .   .   .   .   .  |9
 20   WDT   .   .   .   1   .   2   .   .   .   2   .   1   .   .   1   .   .   .   1   .   8   1   .   .   .   .   .   .   .   .   .   .   .   .   .   .   .   1   .   .   .   .   .   .   .  |18
 21   VBP   1   .   .   .   .   .   .   .   3   .   .   .   .   .   .   1   1   .   2   .   .  20   .   .   .   1   .   .   .   1   .   .   .   .   .   .   .   .   .   .   .   .   .   .   .  |30
 22    RP   .   .   .   .   1   .   .   .   1   6   1   .   .   .   .   .   1   3   .   .   .   1   7   .   .   .   .   .   .   .   .   .   1   .   .   .   .   .   .   .   .   .   .   .   .  |22
 23  PRP$   2   .   .   .   1   .   .   .   .   1   .   .   .   .   .   .   .   .   .   .   .   .   .  16   .   .   .   .   .   .   .   .   .   .   .   .   .   .   .   .   .   .   .   .   .  |20
 24   JJS   .   .   .   .   .   .   .   .   4   .   .   .   .   .   .   .   .   .   .   .   .   .   .   .   2   .   .   .   .   .   .   .   .   .   .   .   .   .   .   .   .   .   .   .   .  |6
 25   POS   1   .   .   .   .   .   .   .   1   .   .   .   .   .   .   .   .   .   .   .   .   .   .   .   .  19   .   .   .   .   .   .   .   .   .   .   .   .   .   .   .   .   .   .   .  |21
 26    ``   2   1   .   1   .   .   .   3   1   2   .   .   .   .   .   1   1   .   2   .   .   .   .   .   .   .  10   .   .   .   .   .   .   .   .   .   .   .   .   .   .   .   .   .   .  |24
 27    EX   .   .   .   .   .   .   .   .   .   .   .   .   .   .   .   .   .   .   .   .   .   .   .   .   .   .   .   .   .   .   .   .   .   .   .   .   .   .   .   .   .   .   .   .   .  |0
 28    ''   1   1   1   .   .   .   .   .   1   2   1   1   1   .   1   .   1   .   3   .   .   .   .   .   .   .   .   .  10   .   .   .   .   .   .   .   .   .   .   .   .   .   .   .   .  |24
 29    WP   .   .   .   .   .   .   .   1   .   1   .   .   .   .   .   .   .   .   .   .   .   .   .   .   .   1   .   .   .   5   .   .   .   .   .   .   .   .   .   .   .   .   .   .   .  |8
 30     :   .   2   .   .   .   .   .   .   .   1   2   .   .   1   .   .   .   .   .   .   .   .   .   .   .   .   1   .   .   .   1   .   .   .   .   .   .   .   .   .   .   .   .   .   .  |8
 31   JJR   .   .   .   .   .   .   .   .   2   .   .   .   .   .   .   .   .   .   1   .   .   .   .   .   .   .   .   .   .   .   .   3   .   .   .   .   .   .   .   .   .   .   .   .   .  |6
 32   WRB   1   .   .   .   2   .   1   .   .   .   .   .   .   .   .   .   1   .   .   .   .   1   .   .   .   .   .   .   .   .   .   .   1   .   .   .   .   .   .   .   .   .   .   .   .  |7
 33     $   .   .   2   .   .   .   .   .   .   1   .   .   .   .   .   .   .   .   .   .   .   .   .   .   .   .   .   .   .   .   .   .   .   5   .   .   .   .   .   .   .   .   .   .   .  |8
 34  NNPS   .   .   .   .   .   .   .   .   .   .   .   .   .   .   .   .   .   .   .   .   .   .   .   .   .   .   .   .   .   .   .   .   .   .   .   .   .   .   .   .   .   .   .   .   .  |0
 35   WP$   .   .   .   .   1   .   .   .   .   .   .   .   .   .   .   .   .   .   .   .   .   .   .   .   .   .   .   .   .   .   .   .   .   .   .   .   .   .   .   .   .   .   .   .   .  |1
 36 -LRB-   3   .   .   .   .   .   .   .   .   2   .   .   .   .   .   .   .   .   .   .   .   .   .   .   .   .   .   .   .   .   .   .   .   .   .   .   .   .   .   .   .   .   .   .   .  |5
 37 -RRB-   .   .   .   1   .   2   .   .   1   1   .   .   .   1   1   .   .   .   .   .   .   .   .   .   .   .   .   .   .   1   .   .   .   .   .   .   .   .   .   .   .   .   .   .   .  |8
 38   PDT   .   .   .   .   .   .   .   .   1   .   .   .   .   .   .   .   .   .   .   .   .   .   .   .   .   .   .   .   .   .   .   .   .   .   .   .   .   .   .   .   .   .   .   .   .  |1
 39   RBS   .   .   .   .   .   .   .   .   1   .   .   .   .   .   .   .   .   .   .   .   .   .   .   .   .   .   .   .   .   .   .   .   .   .   .   .   .   .   .   .   .   .   .   .   .  |1
 40    FW   .   .   .   .   .   .   .   .   2   .   .   .   .   .   .   .   .   .   .   .   .   .   .   .   .   .   .   .   .   .   .   .   .   .   .   .   .   .   .   .   .   .   .   .   .  |2
 41    UH   .   .   .   .   .   .   .   .   .   .   .   .   .   .   .   .   .   .   .   .   .   .   .   .   .   .   .   .   .   .   .   .   .   .   .   .   .   .   .   .   .   .   .   .   .  |0
 42   SYM   .   .   .   .   .   .   .   .   .   .   .   .   .   .   .   .   .   .   .   .   .   .   .   .   .   .   .   .   .   .   .   .   .   .   .   .   .   .   .   .   .   .   .   .   .  |0
 43    LS   .   .   3   .   .   .   .   .   .   .   .   .   .   .   .   .   .   .   .   .   .   .   .   .   .   .   .   .   .   .   .   .   .   .   .   .   .   .   .   .   .   .   .   .   .  |3
 44     #   .   .   .   .   .   .   .   .   .   .   .   .   .   .   .   .   .   .   .   .   .   .   .   .   .   .   .   .   .   .   .   .   .   .   .   .   .   .   .   .   .   .   .   .   .  |0

Trial 0 Trainer MaxEntTrainer,gaussianPriorVariance=1.0 test data accuracy= 0.6884442629644753

MaxEntTrainer,gaussianPriorVariance=1.0
Summary. train accuracy mean = 0.7763880217863985 stddev = 0.0 stderr = 0.0
Summary. test accuracy mean = 0.6884442629644753 stddev = 0.0 stderr = 0.0
