for	112
Norbert	1
call	2
5.4	1
education	5
regulatory	1
else	3
inhibit	1
suspend	1
Broadcasting	1
Attracted	1
over	8
4.5	1
automated	2
holding	4
players	4
41	2
partner	1
supplement	3
employees	4
financial	7
Retirement	1
roughly	3
moved	1
250-point	1
Martinsville	1
NCR	8
held	2
opportunity	1
executions	1
it	59
more	18
costing	1
contradiction	1
Motor	1
decisive	1
wine	1
203.56	1
Geneva	1
tough	1
out	14
annual	2
executives	2
through	4
need	4
sporting	1
people	2
3	3
leads	2
Academic	1
AMR	4
four	8
9.4	1
Chao	1
included	1
third	13
Kong	2
Markets	1
she	2
facts	1
other	16
77	1
financially	1
however	8
means	1
plant	3
satisfied	1
deputy	1
guy	3
nearby	1
customers	3
Edward	1
swiftly	1
commission	2
nervously	1
thanks	1
mission	1
4	5
average	2
representative	1
specialists	2
nobody	1
Temporary	1
named	1
49,000-plus	1
signal	1
here	7
Communications	1
City	1
place	3
Baker	1
panic	7
commercial	5
lake	1
18-a-share	2
exchanges	6
months	7
intense	3
Emmons	1
Bear	6
principle	1
9-8	1
stake	2
230.8	1
whisper	1
Inc.	10
into	6
233.6	1
off	13
restrictions	5
agreement	9
brought	1
unfinished	1
news	4
prior	2
's	133
file	1
Partisans	1
15	2
been	24
extended	1
Baseball	1
wanted	1
talks	2
considered	4
149.6	1
Your	1
entitling	1
computerized	1
has	25
robust	2
winningest	1
breathed	1
Committee	2
World	3
uniformed	1
Tokyo	4
original	1
ditto	1
Sam	1
3:15	1
lower	1
adds	1
unto	1
gurus	1
Steve	1
Deposit	2
know	5
House	2
yellow	1
widespread	1
three-run	1
13	4
continues	2
seeks	1
halting	1
Hay	1
An	2
1	5
borrow	3
vulnerable	2
If	8
they	28
possibility	1
pictures	1
salve	1
treat	1
old	2
leaders	1
50,000	1
push	2
Hartford	1
7.5	1
ruled	2
accomplished	1
big	10
3-4-5	1
dangerous	1
opposition	2
income	16
options	4
floors	1
1.27	1
happen	3
White	1
Bourse	1
on	73
Concerning	1
council	1
solicitation	1
75.8	1
20	4
times	2
numbers	1
whose	2
half	4
alone	1
future	3
Synchronized	1
happened	2
throughout	1
Doyle	1
exports	1
439	1
Securities	4
constantly	1
General	4
themselves	1
witnesses	1
divesting	1
sources	1
264.6	1
fragile	1
president	6
some	16
Ill.	1
16	1
Airlines	2
n't	33
sidelines	1
pre-set	1
finance	1
next	6
employment	1
service	2
mergers	1
7	2
sense	2
saying	1
were	19
did	6
legitimacy	1
profiteers	1
scored	1
kicked	1
crash	4
asking	1
Should	2
Means	2
3.3	1
play	1
think	5
pianos	1
droves	1
profits	1
from	69
quickly	4
broker	1
thin	1
28	1
runners	1
well	3
2076.8	1
losing	1
appearing	1
dimension	1
Employees	1
dismissed	1
contrasted	1
en	1
gave	2
Community	2
dump	1
surveyed	2
currently	1
aftermath	1
discourage	1
swift	1
world	1
still	8
no	9
worker	1
scooped	1
just	8
firms	13
fill	1
0.89	1
reached	5
UAL	3
much	4
plug	1
real-estate	4
30	7
Savings	2
care	1
cost-effective	1
speculation	1
disposal	2
green	1
creditor	2
year	19
liked	1
Just	1
worrying	1
trouble	1
shows	2
1988	3
Paul	1
energies	1
Scottish	3
businesses	2
1.39	1
Options	1
sent	1
machines	1
fan	3
cessation	1
wiping	1
not	16
very	4
bottom	2
consultation	1
child-care	1
booed	1
housing	1
Kevin	1
and	193
Street-inspired	1
rush	1
direction	1
notes	4
Orel	1
twiggy-looking	1
Francisco	4
perpetual	1
public	2
WCRS\/Boston	1
everything	1
496	1
publishable	1
initiative	1
barrage	1
ran	1
regular-season	1
reimbursement	1
potentially	1
reason	1
Taped	1
Red	1
plans	3
native	1
works	1
Mannesmann	1
190-point	1
keep	3
week	6
retiring	1
goods	2
DRG	1
judge	3
saw	1
RTC	7
Oberstar	3
salesmen	1
set	5
ninth	1
ledger	1
rationale	1
advising	1
GATT	1
Mary	1
working-capital	1
timing	1
anything	3
Asset-management	1
1.26	1
hurried	1
true	2
all	22
University	2
redeem	1
LONDON	1
Jaguar	3
aimed	1
volatile	1
Stockholm	1
moving	5
Rickey	1
You	1
small	6
post	2
Why	1
haul	1
CLUBBING	1
seven	6
days	2
Today	1
Circus	1
80	3
rebound	1
Pay	1
bushel	1
rally	3
long-term	3
contest	1
looking	3
storm	1
turned	2
broad-based	1
flexibility	1
realistic	1
parking	1
trade	5
gone	2
concessions	1
support	1
sank	1
phone	1
Tampa	1
minimize	1
manufacturing	1
downshoot	1
part	2
go	8
banking	6
make	2
York	29
came	2
National	6
Financial	3
before	16
Called	1
4.7	1
Affairs	1
physically	1
swing	1
director	1
sells	2
preserve	1
loss	8
Ways	2
mixed	1
Francis	1
Prices	1
weaken	1
adversely	1
trading-related	1
resell	1
19	4
offering	1
Helmut	1
heed	1
D.	2
revisited	1
try	2
cause	1
3.30	1
Associates	2
role	1
outstanding	6
England	1
urgings	1
chairman	3
Stearns	6
earnings	7
counsels	1
1.8	3
gains	4
Our	1
pages	1
EDT	1
1385.72	1
Nos.	1
seen	3
Congress	2
Will	1
traders	6
conclusions	1
assets	7
Every	1
stabilize	2
'	10
suddenly	2
weak	2
no-smoking	1
dividends	1
improvements	1
permit	2
scrambled	1
second-year	1
worth	1
broadcasting	1
estimates	1
urged	1
German	3
response	3
stocks	11
Cubs	3
Underneath	1
control	2
recommending	1
I	15
bought	2
EC	2
-LCB-	2
offered	1
A	24
careful	1
striking	1
Kudlow	1
By	5
167.9	1
similarly	1
approve	1
Receipts	1
sell-off	2
revenue	12
Rick	1
9.6	1
1.41	1
rebounded	1
zero	2
WORKERS	1
two	18
expectations	1
going	5
Partners	1
operating	2
concerns	3
Terms	1
again	2
850	2
Southeast	3
S&Ls	1
yet	2
Spain	2
Ad	1
activity	1
can	13
157.1	1
Pfizer	1
Department	2
Leadership	1
applied	1
your	2
2.22	1
opposes	1
acting	3
best	2
also	21
Everybody	1
knows	1
3.49	1
become	1
Weiss	1
Moreover	1
quarter	24
wave	1
underwritings	1
add	2
becomes	1
Texas	6
fishermen	1
Madrid	1
Nov.	3
prohibition	1
``	99
current	1
screens	4
unions	3
straightening	1
hoped	1
opposing	1
offers	2
acquisition	1
Argentina	2
quiet	1
unfit	1
co-hero	1
particularly	3
dollar	3
retire	1
give	5
forced	1
five-game	1
heckled	1
that	82
tight	1
7.7	1
regulates	1
wild	1
top	1
approach	1
things	1
1.75	1
unacceptable	1
potential	2
frustrating	1
dumped	2
cents	15
stayed	1
result	2
1657.61	1
Week	2
falls	1
figure	1
investor	2
UNIFIED	1
settled	1
seeming	1
thing	4
record	2
1.25	2
revised	2
generally	1
panel	7
Because	1
delay	2
bid	5
teachers	1
33	4
EMPLOYEES	1
Under	2
Amicable	1
rise	4
carpeted	1
rather	2
plus	2
oust	1
left	3
credit	3
subdued	1
will	31
never	3
ready	1
seems	2
2.2	1
definitive	1
double	1
strategies	3
Retail	1
good-humored	1
slipped	1
bankers	1
effort	3
scheduled	3
individuals	1
staying	1
groove	1
criticism	1
rejected	3
today	6
Wash.	1
bank	11
37	1
Quotable	1
raised	2
year-ago	2
red-haired	1
expense	2
Centers	1
incurred	1
criticized	1
Link	1
Tremdine	1
Then	1
82.1	1
acquiring	1
blues	1
With	3
ad	9
1987	9
60	2
attractiveness	1
London	13
125	1
each	5
believe	4
step	3
Witness	1
classified	1
55,000	2
company	22
Investments	1
fourth	2
resulted	1
manager	1
Skinner	1
Of	1
BSN	6
language	1
34	2
economics	1
candidates	1
debt	8
5	2
NCNB	15
Insurance	3
changing	1
softening	1
giant	1
administration	3
allows	1
Life	1
both	6
little	4
In	29
deposits	2
squeeze	1
totaled	1
broke	1
added	3
couple	1
debenture	3
standing	2
technologist	1
execute	1
grounds	1
drastic	1
-RCB-	2
fiddling	1
book	1
poor	1
crack	1
financier	1
limit	4
come	3
Suddenly	1
Richstone	1
cooperative	1
purchaser	1
16.3	1
Association	5
ourselves	1
respond	1
League	2
Davis	1
professor	1
position	5
none	3
lesser	1
Assurance	1
sharpest	1
negligent	1
stat	1
woken	1
250	2
competition	1
CAC	1
strongly	1
lunging	1
exchanged	1
1.2	1
fundamentally	1
way	4
caused	2
Relocation	1
Morever	1
clearly	3
results	5
parachute	1
59	1
contingent	1
4:30	2
signs	3
rules	5
midday	2
5-1	1
needed	2
buy-outs	1
jitters	1
now	2
shortstop	1
cellular	1
entail	1
extremely	1
technical	1
meltdown	1
sounding	1
beginning	1
less-developed	2
got	2
selling	8
airline	3
bets	1
wake	3
Black	1
adviser	1
SPRUCING	1
Purchase	1
congressmen	1
over-the-counter	1
started	3
consider	1
first-year	1
an	39
raise	1
Verret	1
upheaval	1
bullish	1
Morgan	10
Idle	1
sharply	2
took	4
11,700	1
Sunday	4
Commerzbank	1
Yet	1
depressed	1
Elite	1
States	1
Telephone	1
Canada	7
TEMPORARY	1
subtracting	1
explicit	1
taping	1
laws	1
based	3
begin	3
actually	1
share	39
rising	1
help	3
near-panic	1
ashore	1
fact	4
Saatchi	2
1.45	1
cash	5
advanced	2
runner	1
subordinated	2
hitters	1
trying	3
risen	1
structure	1
2-0	2
tuning	1
2.83	1
B.A.T	1
workers	4
Income	1
Doug	1
sacrifice	1
reasons	1
HOME-SALE	1
report	3
heroes	1
relatively	2
season	3
Freedom	1
a	259
features	1
was	54
a.k.a.	1
two-hour	1
Moore	1
intent	1
Instead	1
1989	2
investing	1
1.43	1
non-striking	1
affect	2
Minn.	1
wait	1
27	1
East	1
excess	1
diminish	1
majority	1
keeping	1
Toronto	2
purchase	5
slugger	1
daily	1
Futures	3
Poor	1
WCRS	1
elaborate	1
folks	1
retired	1
100	7
mid	1
national	1
stressed	1
As	7
series	3
travel	1
levels	2
obviously	1
substantial	1
recommends	1
Far	1
needs	1
296.6	1
builder	1
the	573
throws	1
which	30
Economic	1
goes	4
absolutely	1
Following	1
abandoned	1
fears	1
,	661
further	4
threat	1
swim	1
enough	2
longer-term	1
conserve	1
lifeline	1
Gross	1
patron	1
Senate	2
fund	2
Va	1
three-year	1
pacts	1
MRA	1
particular	1
orders	7
dip	1
clinical	1
Keep	1
experts	1
volatility	3
This	8
largely	1
profit	5
Do	1
wearing	1
ladder	1
operations	6
upshot	1
getting	2
UP	1
failure	1
pretax	1
300	1
600	1
Yankees-Mets	1
1.85	1
hearing	1
violate	1
novelty	1
publisher	1
Phyllis	1
reconsider	1
Services	1
repeatedly	1
hell	1
lower-priced	1
created	3
hardest	2
execution	1
common-stock	1
23	1
do	9
Washington	1
Dusty	1
For	5
24	1
low	5
farm	1
Newport	1
determined	1
clue	1
Works	1
past	2
hiring	1
Center	1
hits	8
tape	1
payment	1
buys	1
bat	2
optimistic	1
Over	1
risk	1
procedures	1
Coliseum	2
Trading	2
applicable	1
McDonald	1
Dow	9
producing	1
strategists	1
along	2
lunchtime	2
screen	1
tend	1
negatively	1
respective	1
tally	1
rolling	1
stock	21
inadequate	1
former	2
sigh	1
Since	1
able	3
469.4	1
life	1
makes	1
continuing	1
sort	2
preferred	3
Late	1
open-bank	1
concluded	1
Electric	1
Individual	1
Nabisco	1
arrangement	1
infusion	1
Fluor	1
DPC	5
Dodgers	1
Lynch	4
wrong	3
clout	1
bats	2
survey	2
Amsterdam	1
faster	2
high-school	1
violated	1
already	5
Currently	2
May	2
BART	1
urging	1
Selig	1
maintain	2
Craig	1
Mr.	19
Commodities	1
inter-bank	1
reds	1
6.03	1
Candlestick	1
Columbia	2
Thought	1
Security	8
regulation	1
button	1
Bush	1
Aides	1
Brokers	1
capacity	1
parent	5
2.57	1
90	1
Charles	1
less-than-alarming	1
after	24
be	38
LIN	12
critics	1
airlines	2
approval	3
decisions	1
synchronize	1
owns	1
Motors	1
Broad	1
N.C.	1
lesson	1
sport	1
voice	1
love	1
general	2
seeing	1
65	2
droughts	1
under	9
Corp	4
29.6	1
told	1
there	7
greater	1
drives	1
get	5
76-story	1
188.2	1
halted	2
return	4
Cable	1
projections	1
wrote	1
fault	1
Treasury	2
separate	2
estimate	2
warnings	1
Norwich	1
Eastern	1
party	2
-LRB-	13
stretch	1
ARNOLD	1
13th	1
flawless	1
bonuses	2
action	2
;	16
represents	1
a.m.	4
itself	2
Development	1
painted	1
Rowe	1
efficiency	1
resolve	1
buying	3
two-year	1
program	1
lowered	1
pick	1
subscribe	1
fisheries	1
reflect	1
dissenters	1
1990	1
affiliates	1
especially	2
disrupted	1
calls	4
Michel	1
Earlier	1
British	2
nothing	1
third-quarter	3
conservation	1
track	1
Street	15
prove	1
More	1
sufficient	2
blow	1
efforts	1
5-0	1
collapse	2
reputation	1
bondholders	1
patrons	1
suffer	1
13.27	1
sensed	1
maker	3
stands	1
T.	1
allowing	1
citing	1
duty	1
hard	2
Saturday	2
Fundamentally	1
begun	1
halt	2
walking	1
Seafirst	3
462.8	1
distribute	1
rose	5
smaller	1
U.S.	21
three	5
Conn.	1
spent	3
many	9
instead	1
heads	1
Employment	1
certain	1
announced	2
3\/4	1
decline	7
spot	1
say	9
offices	1
Trust	1
Crescott	1
transactions	1
complicated	1
expression	1
Friday	14
waiting	1
8	2
opponents	1
showed	3
portfolios	2
5.33	1
sectors	2
creating	1
debacle	1
clients	5
taking	1
Reuters	2
summer	1
course	1
claim	1
fairness	1
purchased	1
remarked	1
session	1
Series	7
accruing	1
Northwest	1
funds	3
asked	2
anyone	1
She	1
Renton	1
games	6
Hessische	1
margins	1
recovery	1
ordering	1
occasionally	1
forlorn	1
Rental	1
specific	2
slashed	1
3:30	2
baseball	2
Board	4
Where	1
southern	1
wage	2
Ms.	1
coordinated	1
p.m	1
reactions	1
aggressive	1
operation	1
ADS	1
situation	1
plummeted	2
10	11
He	11
case	3
to	267
Bay	1
somewhere	1
likely	3
ended	4
thought	1
1.9	1
20.9	1
slightly	2
by	54
flow	1
buy-back	1
ball	2
recouped	1
uncertain	1
Oakland	3
Braeuer	1
intercept	1
Big	3
deal	3
index	10
win	1
rates	1
Wichita	1
nearly	2
frantic	1
requirements	2
RepublicBank	1
fees	1
3.40	1
J.	2
Fine	1
runs	6
present	2
equities	1
845	1
European	4
speculators	1
Anyway	1
good	10
dominated	1
takeover	3
Notes	1
problems	2
Conversation	1
game	8
20.5	1
see	10
manning	1
played	1
450.7	1
reserves	2
board	5
private	5
market	56
AG	3
Trump	5
bargains	1
ordered	1
50.3	1
buy-out	3
Stand	1
holdings	2
dozen	1
them	6
costly	1
Streeter	2
basing	2
continued	3
line	2
above	1
collateral	1
therefore	2
restructuring	5
holds	3
DAX	3
earned	1
Right-hander	1
185.1	1
consulting	1
Va.	1
spurred	1
642.2	1
catcher	1
62.5	1
444.9	1
7.8	1
2163.4	2
comply	1
decrease	2
're	10
We	14
Norway	1
since	2
fish-processing	2
where	4
1985	1
foreign-debt	1
emblems	1
banks	8
degrees	1
worlds	1
latest	5
cropped	1
Brook	1
Landesbank	1
investment	10
septuagenarian	1
effectively	1
18	1
taunting	1
another	6
left-field	1
issuing	1
electronic	1
David	2
6	3
opportunities	1
group	7
once	4
Martin	1
large	5
576	1
Acquisition	1
'em	1
heels	1
projection	1
neared	1
familiar	1
civility	1
7,500-share	1
brokers	2
falling	2
those	4
is	56
ruling	2
operate	2
Oversight	1
failed	2
52	1
Dataproducts	8
disagrees	1
received	3
batting	2
fish-export	1
TREATING	1
safety	2
strategy	1
overcame	1
jaw	1
handled	2
water	1
30-day	1
government	4
Excluding	1
title	1
reported	5
related	1
losses	9
Questioned	1
58	1
Giants	7
wait-and-see	1
rate	1
They	4
Liechtenstein	1
fans	2
169.4	1
being	1
Partnership	1
learned	1
allegations	1
gives	1
Reuschel	1
ways	2
memories	1
1,000	1
Della	3
intertwined	1
clubs	1
oversight	1
down	21
punched	2
members	5
like	5
gold	1
bonnets	1
bluest	1
between	4
staged	1
letter	6
Salomon	1
reduced	1
bifurcate	1
plate	1
walls	1
44.625	1
ribbies	1
targeted	1
mainly	3
abrupt	1
often	2
Telerate	6
Loan	1
The	83
rooters	1
analysts	3
pain	1
One	3
creations	1
reduction	1
up	27
crucial	2
job	3
thwart	1
hurt	1
regulations	1
computer	6
reject	1
match	1
4.13	1
predicts	1
140	1
replaced	2
choose	1
would	39
swung	1
15-a-share	1
feelers	1
hope	1
professional	1
vary	1
home-team	1
Cathleen	1
buy	9
seventh	1
subcommittee	2
had	35
Corporate	1
brushed	1
explains	1
5.35	1
6.20	1
4.67	1
wo	3
positions	1
certificate	1
surprised	1
marks	4
struck	2
autograph	2
trumpeting	1
adopt	1
my	1
least	4
hostile	1
ease	1
Oak	1
ever-narrowing	1
actions	1
Systems	2
523.6	1
promising	1
cashing	1
Major	1
low-yielding	1
nonperforming	1
reserve	2
3.80	1
bargaining	1
18.875	1
Many	2
television	2
management	2
800-number	1
feel	2
interruption	1
22.1	1
fluctuating	1
smoother	1
Haussmann	1
reflecting	5
eight	1
indicated	4
Times-Stock	2
says	13
commercials	3
Jones	8
minor	1
magazine	2
2-1	1
playoffs	3
Hills	5
example	1
so	3
relocations	1
benefits	1
meet	2
Hong	2
salted	1
Desire	1
Merrill	4
declined	6
services	1
any	11
free	4
close	4
extension	1
ex-hurler	1
so-so	1
values	2
Eskandarian	2
conveyance	1
Firms	1
283.7	1
CURBING	1
freeing	1
respect	2
his	17
Limited	1
concern	4
catch	1
securities	5
homers	1
expires	1
post-crash	1
innocent	1
143.6	1
highly	1
Samuel	1
examples	1
business	2
huge	2
run	6
5-for-24	1
12.8	2
mutual	1
Absent	1
pay	7
forward	1
meeting	3
fitness	1
labor	2
ever	2
behaving	1
Linger	1
70.5	2
hostilities	1
Corp.	18
spearheaded	1
crush	1
Trizec	2
showing	1
Staffing	1
hospitals	1
allow	3
offset	3
hold	1
remained	2
resigned	1
Schumer	1
full-time	1
export	3
439.3	1
stronger	2
Ruiz	1
approved	2
independent	1
Suffice	1
1.13	1
Now	4
fight	3
rout	1
advised	1
fair	2
different	1
net	23
Trade	3
spokesman	4
gross	2
billion	22
industry	3
headline	2
quite	1
special	4
Separately	2
wondered	1
legislation	5
mean	2
watching	1
work	6
retain	1
boards	2
Machinists	2
tuition	1
remiss	1
then	6
measure	1
81.9	1
Despite	1
achieve	1
548.9	1
looks	1
--	17
shareholder	2
entered	1
12	5
does	2
branch	2
why	3
American	5
besides	1
exchange	9
Kan.	1
meets	1
inning	2
statement	1
additional	4
futures	6
holders	6
airline-acquisition	1
have	41
around	4
improvement	1
Aviation	1
prices	14
Los	3
thrifts	1
67	1
pluses	1
put	2
extend	2
among	3
springs	1
edge	1
22	4
employers	2
nurses	4
against	3
with	39
West	6
traded	1
salmon	1
adopted	1
1.50	1
63	1
poised	1
weeks	1
black-and-white	1
stock-market	3
7,500	1
agencies	1
309	1
strong	6
mediator	2
2,508	1
November	2
corporate	1
Spectator	1
232.8	1
Results	1
observe	1
What	2
109	1
prohibited	1
agreed	3
avoid	1
pasted	1
events	2
Wells	1
innings	1
walks	1
offer	18
82	1
priority	1
convertible	2
doctor	1
fest	1
done	3
scoring	1
this	12
outnumbered	1
world-wide	1
France	1
vote	2
figures	4
Agreement	1
withdrawal	1
Fargo	1
:	12
these	2
fleeing	1
J.P.	3
aide	2
years	5
issues	3
142-page	1
official	2
intend	1
Carla	1
3:45	1
Standard	2
Let	1
difficult	1
blinds	1
72	1
Sanjiv	1
Lawrence	1
BOOSTS	1
Added	1
windows	1
54	2
produce	2
despite	2
prediction	1
broadcast	1
Angeles-based	1
requiring	1
September	2
fully	2
last	10
Nitze	1
problem	1
somehow	1
prepared	3
remain	1
Alaska	1
heavily	1
determining	1
Depositary	1
fallen	1
although	1
tendered	1
30,000	1
fielded	1
PLC	1
soothe	1
disappear	1
Baltimore	4
Nonperforming	1
ahead	2
rock	1
per	1
barometer	1
55	1
'll	1
use	5
negative	2
gear	1
taxes	1
reimburse	1
remaining	4
concludes	1
finally	1
appear	1
idle	1
suffering	1
every	6
lineup	1
Seconds	1
James	1
auction	2
should	5
2.75	1
supervisors	1
5:30	1
registers	1
short	1
tournament	1
coach	1
''	96
their	27
Inc	2
non-accruing	1
ability	1
2029.7	1
proceedings	1
pretty	2
five	5
loan-loss	1
withdrew	1
followed	2
Index	6
colors	1
defended	1
size	2
resolutions	1
back	2
two-thirds	1
harsh	1
beyond	1
Terry	1
Cos.	2
estimated	1
badly	1
Fidelity	8
3.50	1
latter	1
pitcher	1
nations	1
want	3
circuit	6
Performance	1
affected	2
rooting	1
encouraging	1
dated	1
process	2
apparently	1
hitter	2
side	6
cautiously	1
impossible	1
appreciation	1
FMC	2
Not	1
experience	1
holder	1
represent	1
fundamentals	1
whether	4
far	1
cool	1
trained	1
Brothers	1
landing	2
chief	6
remains	3
telephone	2
performance	6
headquarters	1
1\/4	1
Kyle	1
officer	1
wise	1
in-house	1
comeback	1
Were	1
residential	2
definition	1
struggles	1
Paris	3
homered	1
cleaned	1
surpluses	1
amount	4
averages	3
tumbled	1
collapsed	1
of	237
seat	1
3.2	1
retail	2
2,400	1
our	1
chips	3
bad	2
few	8
lectured	1
surveys	1
consumer	2
air	4
Stock	14
revoking	1
addressing	1
Such	2
revise	1
team	6
quick	1
solve	1
stability	1
rallied	2
grew	5
204.2	2
Old	1
opening	6
addition	2
leading	1
New	30
Steinbach	3
Milan	1
heavy	1
expand	1
Mitchell	1
shop	1
who	22
BellSouth	2
merge	2
less	3
receiver	1
BancOklahoma	5
9.375	1
414	1
cigarette	1
stately	1
derived	2
power-hitter	1
social	1
PaineWebber	8
retreat	1
2	6
1.55	1
reckon	1
jetliners	1
Zurich	1
recovered	2
SEC	2
18.50	1
create	1
dropping	1
duties	1
These	3
parting	1
spin-off	1
nine	4
equivalent	2
stopped	1
aid	1
plunge	6
order	3
salary	1
drown	1
N.Y	1
hot-cold	1
tony	1
colleagues	1
even	7
higher	5
subsidiary	3
noted	1
Maryland	1
backing	1
filing	1
bedside	1
Asia	1
owed	1
Hammond	1
high-yielding	1
loan	5
trader	9
putting	1
fever	2
347	1
last-minute	2
anticipate	1
A-men	1
working	6
how	4
about	22
Tulsa	2
Price	1
500	1
away	3
WAGE	1
at	59
reflected	1
regroup	1
bosses	1
established	2
sat	1
sellers	3
Had	1
Palamara	2
Dave	1
due	2
46.3	1
Among	1
confident	1
40	1
35	2
pit	1
sales-loss	1
account	5
leases	1
taken	1
layoffs	1
goosey	1
law	5
search	2
Subway	1
bases	1
desktop	1
entities	1
turn	1
monkeys	1
hey	1
Oklahoma	1
transportation	4
George	1
Example	1
Health	1
Freund	1
56.1	1
11	2
problematic	1
Lampe	1
Revenue	4
drop	5
arbitragers	1
resulting	2
Diversification	1
crisis	1
triumph	1
Corney	1
encouraged	2
confidence	2
44.125	1
maligned	1
Charlotte	1
hit	5
went	6
cited	1
reading	1
could	14
opened	6
regarding	1
California	2
pays	1
'Cause	1
account-churning	1
closing	1
conditions	2
Matt	1
accept	2
normal	2
expressed	2
Journal	1
BankAmerica	1
103.1	1
complete	1
loans	13
plummeting	1
weakened	1
as	43
Hingorani	2
teams	1
blue	4
Exchange	20
kicks	1
harder	1
John	3
formed	1
Hard	1
cycle	1
strike	4
People	1
right	4
representatives	1
split-finger	1
most	9
institutional	2
10,000	2
Bank	6
everyone	1
smoked	1
block	2
believes	1
companies	6
one	23
because	10
divisive	1
incentives	1
helped	1
late	6
subject	1
There	2
ol'	1
finding	1
Traders	2
relative	1
player	1
relief	1
read	1
Properties	1
39	1
Andreas	1
advancement	1
slide	2
4.17	1
autumn	1
real	3
Bashers	1
Ottawa	1
intends	2
quotes	2
currency	1
point	2
masse	1
three-quarters	1
Guaranty	1
nation	1
involving	1
first	7
lead	2
Stewart	3
shrink	1
best-of-seven	1
buyers	4
25	5
13.625	1
customer	1
shut	4
suit	1
name	2
Profit	1
ADVERTISING	1
At	8
schedules	1
right-to-work	1
per-share	2
4.19	1
partly	1
turnabout	1
interest	14
signed	1
FAN	1
tonight	1
drew	1
draconian	1
immediately	1
quintessential	1
p.m.	4
News	2
?	6
1994	1
breakers	6
contract	2
To	4
committee	2
reach	2
disappointing	1
introduced	1
Monday	5
primarily	1
37.5	1
suffered	1
Baxter	1
130	2
Average	1
Ready	1
stock-index	1
officially	1
modest	1
foreign	1
demanding	1
month	2
Henderson	1
argument	1
wanting	2
insolvent	1
tunes	1
training	1
1996	1
protect	1
effective	2
markets	20
Commission	4
corporate-finance	1
fourth-quarter	1
Institutional	1
Chicago	3
catching	2
idled	1
rights	1
gathered	1
Boston	2
borders	1
Jackson	1
Economics	1
Union	2
breakdown	2
either	2
largest	1
21	2
No	1
delayed	1
across	2
printer	2
several	5
On	2
watched	1
composite	8
reopened	1
declines	3
65.6	1
seats	1
theory	1
jeopardy	1
cellular-telephone	1
issue	3
U.K	1
launched	1
picking	1
arose	1
long	5
EDUCATION	1
reacted	1
significant	1
focused	1
Walt	1
That	8
M.	1
decision	3
Oct.	1
lump-sum	1
leaving	1
Donald	1
surgery	1
feeding	1
optimism	1
mark	1
advertising	3
visible	1
suitor	1
federal	2
incentive	1
51	2
354	1
unexpectedly	1
hour	5
factors	1
1-for-17	1
receiving	1
informed	1
whom	1
U.S.-Canadian	1
15-trader	1
making	1
Is	2
voting	1
international	1
morning	3
expects	1
effect	2
Giant	2
Finsbury	1
afield	1
sales	6
Germany	3
Right	1
joint	1
outside	4
Brazilian	1
sufficiently	1
Insam	1
let	1
measures	1
clarification	1
core	1
deterioration	1
basis	1
wiggle	1
disclosed	1
Public	2
Antonio	1
Car	1
repayment	1
United	1
worked	1
recognize	2
wins	1
individual	1
Notable	1
30.4	1
Investment	3
brokerage	9
price	9
Sweden	1
unit	3
grants	1
sale	2
building	1
Nigel	1
materials	1
major	13
FRANKFURT	1
debentures	2
regulators	1
EUROPE	1
disruptive	1
allowed	1
fled	1
Newcastle	2
reasonably	1
rooms	1
early	8
cold	3
filmed	1
Prudential-Bache	1
troubles	1
1.4	1
ultimately	1
Brussels	1
Volume	1
exemplifies	1
damaged	1
deep	1
form	1
%	81
equity	3
2:30	2
innovative	1
stop	1
full	4
urges	1
circle	1
bonus	1
afternoon	4
its	48
hung	1
volume	5
declared	1
18.9	1
favorites	1
Subcommittee	1
police	1
88	1
respected	1
touted	1
buyer	2
prospects	1
13.39	1
collective	2
calm	3
solution	1
Group	3
expiring	1
shortage	1
Pacific	10
weakness	1
payments	1
!	4
rushed	1
earlier	6
fell	11
repaid	1
Barrow	1
intensify	1
10.75	1
bearing	1
triggered	1
until	6
illegal	1
accord	1
standards	1
Arnold	3
Mike	1
Andy	1
notified	1
Vigier	1
phase	1
29	3
assistance	1
&	14
Blumenfeld	1
full-year	1
advertisers	1
skills	1
GE	1
understand	1
speak	1
article	1
Ford	1
Michael	1
obligations	2
roll	1
57	1
LOSSES	1
one-day	1
six	2
relevant	1
break	1
Based	1
System	1
ads	10
warrants	4
sell	9
pitch	2
resumption	2
franchise	1
bill	10
feet	1
attitude	1
Managers	1
margin	2
Calif.	1
Minister	2
task	1
manage	1
cheered	1
comparison	1
Revenues	1
evening	2
93.1	1
responsible	1
same	2
400	1
discontinued	1
maximum	1
warrant	2
message	1
may	8
July	2
boys	2
surged	1
dispute	1
split-fingered	1
worst	2
weaker	2
changed	2
debut	1
bailout	1
important	1
economy	4
unable	1
economist	2
strengthened	1
chin	1
And	3
third-period	1
coping	1
Hill	1
618	1
take	3
50	2
said	86
3-for-3	1
receive	3
Global	1
diversified	1
only	11
teller	1
apathy	1
Orioles	3
Salem	2
16.6	1
Federal	3
root	1
69	1
Dresdner	3
Clark	3
minutes	8
newspapers	2
save	1
exceed	1
doubled	2
information	4
initially	1
hours	5
we	9
signals	1
unusual	2
Shearson	9
everybody	1
led	2
paid	3
almost	1
Roger	2
1.23	1
or	49
enact	1
Transportation	3
Farrell	2
16.8	1
First	1
caps	1
reporting	1
lost	3
Representative	1
senior	2
wants	1
200	1
THE	1
released	1
tomorrow	6
McNamee	2
Each	1
originally	1
improving	1
toward	2
orderly	1
subsidized	1
million	80
including	8
3,000	1
bar	1
Europe	3
intentions	1
campaign	3
me	1
made	4
Sacramento	2
machinists	3
knee	1
mid-conversation	1
Non-interest	3
Last	2
rails	1
Work	1
17	2
contributor	1
investors	17
acquire	4
plan	9
sides	1
gain	8
plunged	2
Bo	1
Top	1
nowhere	1
launch	1
retirement	1
baseman	1
manner	2
decided	2
area	2
Some	3
leveraged	2
'm	3
temporary	1
dropped	6
office	4
shutting	1
Canadian	8
combined	2
might	5
negotiations	3
PROPOSALS	1
International	3
stranding	1
76	1
third-party	1
eyes	1
Advertising	1
Sox	1
mildly	1
crunch	1
proceeds	1
800-line	1
plants	1
than	17
spread	1
resolved	1
combatants	1
us	2
stable	1
trading	34
climbed	4
wisely	1
fee	1
must	3
package	1
altogether	1
speculate	1
Secretary	1
conservatively	1
Rosen	1
wages	1
selected	1
overseas	1
vivid	2
but	27
review	3
But	16
indeed	1
secrecy	1
Jefferies	4
Council	1
delivery	2
managers	2
ecstatic	1
revenues	1
1986	2
guarantees	1
increase	9
suicidal	1
authority	3
indicates	2
displayed	1
owned	1
DIGS	1
So	3
caught	2
removed	1
fewer	1
move	2
provided	4
includes	3
placed	4
completed	1
Tariffs	1
executive	5
various	1
31	2
Co	1
depreciated	1
equals	1
challenges	1
Dodger	2
Hutton	2
paves	1
-RRB-	16
310.9	1
104.75	1
unwanted	1
mild	2
254	1
stolen	1
possible	4
contracts	3
institutions	3
carrier	3
usual	3
soon	1
Rep.	2
shouted	3
analyst	2
Ambassador	2
1,118	1
fastball	2
dive	1
labor-shortage	1
guys	1
yesterday	25
75	4
systems	1
option	2
slowed	1
92	1
you	18
day-care	1
pessimist	1
gang	1
quality	1
dangerously	1
he	21
detected	1
medium	2
Angeles	2
though	1
common	10
Boeing	6
Crosbie	1
school	1
959.3	1
league	1
1984	1
McGwire	2
educations	1
veteran	1
state	1
preliminary	1
fallout	1
muddied	1
PARIS	1
G.	1
Nonperformers	1
fish	1
When	7
safe	1
October	1
damage	2
delighted	1
B.	1
having	3
478.9	1
second	3
Pace	1
practice	1
replacing	1
slips	1
Cholet	1
FDIC	3
easy-to-film	1
Park	1
negotiated	1
when	7
biggest	1
76.9	1
proposal	5
remnants	1
poses	1
314.6	1
notify	1
probably	3
sluggish	1
career	1
calculate	1
pact	2
Homes	1
stick	1
pressure	1
split	1
Fla.	1
non-U.S.	1
Aug.	1
carefree	1
Headed	1
own	7
However	1
misled	1
suspended	1
express	1
him	2
expected	3
proceed	1
opportunistic	1
flooded	1
fall	4
opinion	1
Tuesday	1
increases	2
final	1
fixed-income	1
prelude	1
unless	1
comes	1
constitute	1
Employee	1
recovers	1
countries	3
All	2
Wall	15
MMI	1
agency	4
tremendously	1
Their	1
Net	3
turbulence	1
ARISE	1
disapproved	1
successes	1
day	12
swap	1
global	1
improved	1
if	13
1992	1
Dupont	1
statistics	1
certainty	1
according	1
called	4
handle	6
Mrs.	4
cautions	1
closed	15
12:49	2
Phillies	1
lips	1
domestic	1
Rally	3
demand	2
1.47	1
telephones	1
uncertainty	1
Italy	1
.	484
shortly	2
Dallas	1
580.4	1
time	17
Call	1
views	1
new	20
failing	1
lot	6
collected	1
deflate	1
fashionable	1
weekend	5
plotting	1
officials	3
Williams	2
Bureau	1
stay	3
firm	11
58.9	1
'd	5
accepted	1
previously	1
crowd	1
Cellular	1
Character	1
Like	1
agree	3
municipal	1
polished	1
running	2
Bluefield	3
acquired	1
growth	5
fine	1
district	2
pence	2
1:30	1
points	16
announcement	1
Supporters	1
coming	3
terms	2
Femina	3
equation	1
open	7
home	6
covered	2
151	1
such	9
marveled	1
view	3
shares	25
Analysts	2
union	5
21-9	1
recruiting	1
9.92	1
later	3
during	7
vice	2
stone	1
Mark	1
6.5	1
what	8
Frankfurt	5
value	8
Chairman	1
9	7
recent	3
continue	3
After	4
balanced	1
posted	4
driven	2
editions	1
while	6
better	6
too	2
ordinary	1
Total	1
floor	2
night	9
comment	1
5.50	1
CNN	2
64	1
warranted	1
1.82	1
psychological	1
larger	1
hot	2
room	3
fairly	1
filed	1
provision	3
San	5
herring	1
ago	7
RJR	1
beneath	2
dealers	1
dives	1
without	2
About	3
shot	1
Other	1
McCaw	8
Elaine	1
jumped	5
prevent	3
frightened	1
Share	4
whenever	1
temporarily	1
presumably	1
consultant	2
5.99	1
short-term	1
areas	1
require	5
Danny	1
regional	1
excuse	1
chance	2
kind	1
Stephenson	1
grossly	1
precious	1
1.7	1
face	4
...	10
provide	1
in	194
closely	1
estate	2
land	1
fast	2
3.9	1
spend	1
center	4
tender	5
Included	1
strongest	1
Co.	11
Also	1
obligation	1
It	19
Longley	1
Telecussed	1
Sept.	6
seeking	2
capital	5
serious	2
contributed	2
expect	2
thrift	1
dispute-settlement	3
Network	1
procedural	1
Jack	1
Kansas	1
batted	2
chaotic	1
dialogue	1
TV	1
replace	1
high	4
total	1
base	2
Frank	2
delays	1
forecast	1
stealing	1
Investors	2
Arizona	1
Wednesday	1
written	1
registered	1
2001	1
clarify	1
aim	1
Lehman	3
Hershiser	1
474.1	1
Smith	8
doubt	1
'n'	1
45	1
Only	1
are	22
force	1
triple	1
liquidity	4
year-earlier	3
marketing	2
period	6
expire	1
considers	1
secretary	7
Medical	1
Putnam	1
expenses	1
Hewitt	1
personnel	1
began	3
college	1
Business	2
difficulties	1
requirement	1
internal	1
289.7	1
lines	2
Dick	1
slowing	1
$	131
enter	2
3.38	1
Fully	1
money	2
4.6	1
