
-------------------- Trial 0  --------------------

Trial 0 Training MaxEntTrainer,gaussianPriorVariance=1.0 with 46451 instances
Trial 0 Training MaxEntTrainer,gaussianPriorVariance=1.0 finished
Trial 0 Trainer MaxEntTrainer,gaussianPriorVariance=1.0 training data accuracy= 0.7635142408128996
Trial 0 Trainer MaxEntTrainer,gaussianPriorVariance=1.0 Test Data Confusion Matrix
Confusion Matrix, row=true, column=predicted  accuracy=0.5271539403838301
    label   0   1   2   3   4   5   6   7   8   9  10  11  12  13  14  15  16  17  18  19  20  21  22  23  24  25  26  27  28  29  30  31  32  33  34  35  36  37  38  39  40  41  42  43  44  |total
  0   NNP  60  67  24   2   1   1   2   3  21   4   1   2   .   1   1   1   1   .   .   .   .   .   .   .   .  10   .   .   .   1   3   .   .   1   .   .   .   .   .   .   .   .   .   .   .  |207
  1 comma   . 127   3   .   .   .   .   .   .   .   .   .   .   .   .   .   .   .   .   .   .   .   .   .   .   .   .   .   .   .   .   .   .   .   .   .   .   .   .   .   .   .   .   .   .  |130
  2    CD   6   5  30   2   3   1   1   1   7   9   .   .   1   .   .   .   .   .   .   1   .   .   .   1   .   .   .   .   .   .   .   .   .   .   .   .   1   .   .   .   .   .   .   .   .  |69
  3   NNS   4  31   4  38   5   1   .   5   9  17   1   .   .   1   1   .   1   1   .   .   1   1   .   .   .   .   .   .   .   .   .   .   .   .   .   .   .   .   .   .   .   .   .   .   .  |121
  4    JJ   7  22  18   4  43   .   1   1  20  10   1   .   .   2   1   3   2   2   .   .   .   .   .   .   .   .   .   .   .   .   .   .   .   .   .   .   .   .   .   .   .   .   .   .   .  |137
  5    MD   .   .   .   .   .  21   .   1   2   2   .   1   .   .   .   .   1   .   .   .   2   .   .   .   .   .   .   .   .   .   1   .   .   .   .   .   .   .   .   .   .   .   .   .   .  |31
  6    VB   .  20   4   .   .   .  60   4   1   .   .   .   .   1   .   1   1   .   1   .   .   .   .   1   .   .   .   .   .   .   .   .   .   .   .   .   .   .   .   .   .   .   .   .   .  |94
  7    DT  21   .   1   4   .   .   2 156  23  14   1   2   .   2   1   3   7   2   1   .   .   1   2   .   .   .   .   .   .   1   .   .   .   2   .   .   .   .   .   .   .   .   .   .   .  |246
  8    NN   9  46  24  10   5   2   2   4 190  19   6   3   2   5   2   4   1   .   .   .   1   .   .   .   .   3   2   .   .   .   .   .   .   .   .   .   .   .   .   .   .   .   .   .   .  |340
  9    IN   3   3   2   5   3   1   .  21  22 146   2   .   .   1   3   2   1   6   5   .   2   1   .   1   .   4   2   .   .   .   .   .   .   .   .   .   .   .   .   .   .   .   .   .   .  |236
 10     .   .   .   .   2   .   1   .   .   2   .  90   .   .   .   1   1   1   .   .   .   .   .   .   .   .   .   .   .   1   .   .   .   .   .   .   .   .   .   .   .   .   .   .   .   .  |99
 11   VBZ   4   7   2   1   .   .   1   1   5   5   1  31   .   1   .   .   .   2   1   .   .   1   .   .   .   2   .   .   .   .   1   .   .   .   .   .   .   1   .   .   .   .   .   .   .  |67
 12   VBG   1  12   3   2   .   .   .   7   3   3   .   .   8   1   .   1   2   1   .   .   .   .   .   1   .   .   .   .   .   .   .   .   .   .   .   .   .   1   .   .   .   .   .   .   .  |46
 13    CC   3   1   .   .   1   .   .   1   5   .   .   .   .  35   .   1   .   .   .   .   .   .   .   .   .   .   .   .   .   .   .   .   .   1   .   .   .   .   .   .   .   .   .   .   .  |48
 14   VBD   4  13   2   1   2   .   .   4   3   8   .   2   .   2  32   3   4   .   .   .   .   .   .   1   .   1   .   .   .   .   .   .   .   .   .   .   .   .   .   .   .   .   .   .   .  |82
 15   VBN   .  11   .   .   3   .   1   4   2   4   .   .   .   1   .  24   1   1   .   .   .   .   .   .   .   .   .   .   .   .   .   .   .   .   .   .   .   .   .   .   .   .   .   .   .  |52
 16    RB   2   7   3   1   2   .   .   4   2  17   .   1   .   1   1   2  31   2   3   .   .   .   1   1   .   .   .   .   .   .   .   .   .   .   .   .   .   .   .   .   .   .   .   .   .  |81
 17    TO   2   .   .   7   2   .   2   2   4   7   .   .   .   .   .   3   3  32   1   .   .   .   .   1   .   .   .   .   .   .   .   .   .   .   .   .   .   .   .   .   .   .   .   .   .  |66
 18   PRP   .   .   .   .   .   .   2   2   .   5   .   1   .   .   .   .   1   .  47   .   .   .   .   2   .   .   3   .   1   .   .   .   .   1   .   .   .   .   .   .   .   .   .   .   .  |65
 19   RBR   .   .   .   .   1   .   .   .   .   .   1   .   .   .   1   .   2   1   .   1   .   .   .   .   .   .   .   .   .   .   .   2   .   .   .   .   .   .   .   .   .   .   .   .   .  |9
 20   WDT   .   .   .   1   .   .   .   .   2   2   .   1   .   .   1   .   .   .   1   .   7   1   .   .   .   1   .   .   .   .   .   .   .   .   .   .   .   1   .   .   .   .   .   .   .  |18
 21   VBP   .   2   .   .   .   .   .   1   2   .   .   .   .   .   .   .   .   .   2   .   .  21   .   .   .   1   .   .   .   1   .   .   .   .   .   .   .   .   .   .   .   .   .   .   .  |30
 22    RP   .   1   .   .   .   .   .   .   3   5   .   .   .   .   .   1   3   3   .   .   .   .   6   .   .   .   .   .   .   .   .   .   .   .   .   .   .   .   .   .   .   .   .   .   .  |22
 23  PRP$   1   .   .   1   .   .   .   .   4   1   .   .   .   .   .   .   .   .   .   .   .   .   .  13   .   .   .   .   .   .   .   .   .   .   .   .   .   .   .   .   .   .   .   .   .  |20
 24   JJS   .   2   .   .   .   .   .   1   1   1   .   .   .   .   .   .   .   .   .   .   .   .   .   .   1   .   .   .   .   .   .   .   .   .   .   .   .   .   .   .   .   .   .   .   .  |6
 25   POS   4   .   .   .   .   .   .   .   3   .   .   .   .   .   .   .   .   .   .   .   .   .   .   .   .  14   .   .   .   .   .   .   .   .   .   .   .   .   .   .   .   .   .   .   .  |21
 26    ``   4   .   .   .   2   .   .   2   3   3   .   1   1   .   .   1   .   .   1   .   .   .   .   .   .   .   6   .   .   .   .   .   .   .   .   .   .   .   .   .   .   .   .   .   .  |24
 27    EX   .   .   .   .   .   .   .   .   .   .   .   .   .   .   .   .   .   .   .   .   .   .   .   .   .   .   .   .   .   .   .   .   .   .   .   .   .   .   .   .   .   .   .   .   .  |0
 28    ''   1   .   1   .   .   .   .   .   .   1   3   2   1   .   3   .   1   .   5   .   .   .   .   .   .   .   .   .   6   .   .   .   .   .   .   .   .   .   .   .   .   .   .   .   .  |24
 29    WP   .   .   .   .   .   .   .   1   .   2   .   .   .   .   .   .   .   .   .   .   .   .   .   .   .   1   .   .   .   4   .   .   .   .   .   .   .   .   .   .   .   .   .   .   .  |8
 30     :   .   .   .   1   .   .   .   .   .   .   3   .   .   1   1   .   .   .   1   .   .   .   .   .   .   .   .   .   .   .   1   .   .   .   .   .   .   .   .   .   .   .   .   .   .  |8
 31   JJR   .   .   .   .   1   .   .   .   3   1   .   .   .   .   .   .   .   .   1   .   .   .   .   .   .   .   .   .   .   .   .   .   .   .   .   .   .   .   .   .   .   .   .   .   .  |6
 32   WRB   .   .   .   1   .   .   1   .   .   1   .   .   .   1   .   .   .   .   2   .   .   .   .   .   .   .   .   .   .   .   .   .   1   .   .   .   .   .   .   .   .   .   .   .   .  |7
 33     $   .   .   1   .   .   .   .   .   .   .   .   .   .   .   .   .   .   .   .   .   .   .   .   .   .   .   .   .   .   .   .   .   .   7   .   .   .   .   .   .   .   .   .   .   .  |8
 34  NNPS   .   .   .   .   .   .   .   .   .   .   .   .   .   .   .   .   .   .   .   .   .   .   .   .   .   .   .   .   .   .   .   .   .   .   .   .   .   .   .   .   .   .   .   .   .  |0
 35   WP$   1   .   .   .   .   .   .   .   .   .   .   .   .   .   .   .   .   .   .   .   .   .   .   .   .   .   .   .   .   .   .   .   .   .   .   .   .   .   .   .   .   .   .   .   .  |1
 36 -LRB-   .   .   .   .   .   .   .   .   .   4   .   .   .   .   .   .   .   .   .   .   .   .   .   .   .   .   .   .   .   .   .   .   .   .   .   .   1   .   .   .   .   .   .   .   .  |5
 37 -RRB-   2   .   .   .   .   1   .   .   1   1   .   .   .   .   1   .   .   .   .   .   .   .   .   .   .   .   .   .   .   1   .   .   .   .   .   .   .   1   .   .   .   .   .   .   .  |8
 38   PDT   .   .   .   .   .   .   .   1   .   .   .   .   .   .   .   .   .   .   .   .   .   .   .   .   .   .   .   .   .   .   .   .   .   .   .   .   .   .   .   .   .   .   .   .   .  |1
 39   RBS   .   .   .   .   .   .   .   .   .   1   .   .   .   .   .   .   .   .   .   .   .   .   .   .   .   .   .   .   .   .   .   .   .   .   .   .   .   .   .   .   .   .   .   .   .  |1
 40    FW   .   2   .   .   .   .   .   .   .   .   .   .   .   .   .   .   .   .   .   .   .   .   .   .   .   .   .   .   .   .   .   .   .   .   .   .   .   .   .   .   .   .   .   .   .  |2
 41    UH   .   .   .   .   .   .   .   .   .   .   .   .   .   .   .   .   .   .   .   .   .   .   .   .   .   .   .   .   .   .   .   .   .   .   .   .   .   .   .   .   .   .   .   .   .  |0
 42   SYM   .   .   .   .   .   .   .   .   .   .   .   .   .   .   .   .   .   .   .   .   .   .   .   .   .   .   .   .   .   .   .   .   .   .   .   .   .   .   .   .   .   .   .   .   .  |0
 43    LS   2   .   .   .   .   .   .   .   .   .   .   1   .   .   .   .   .   .   .   .   .   .   .   .   .   .   .   .   .   .   .   .   .   .   .   .   .   .   .   .   .   .   .   .   .  |3
 44     #   .   .   .   .   .   .   .   .   .   .   .   .   .   .   .   .   .   .   .   .   .   .   .   .   .   .   .   .   .   .   .   .   .   .   .   .   .   .   .   .   .   .   .   .   .  |0

Trial 0 Trainer MaxEntTrainer,gaussianPriorVariance=1.0 test data accuracy= 0.5271539403838301

MaxEntTrainer,gaussianPriorVariance=1.0
Summary. train accuracy mean = 0.7635142408128996 stddev = 0.0 stderr = 0.0
Summary. test accuracy mean = 0.5271539403838301 stddev = 0.0 stderr = 0.0
