
-------------------- Trial 0  --------------------

Trial 0 Training MaxEntTrainer,gaussianPriorVariance=1.0 with 46451 instances
Trial 0 Training MaxEntTrainer,gaussianPriorVariance=1.0 finished
Trial 0 Trainer MaxEntTrainer,gaussianPriorVariance=1.0 training data accuracy= 0.8257088114357064
Trial 0 Trainer MaxEntTrainer,gaussianPriorVariance=1.0 Test Data Confusion Matrix
Confusion Matrix, row=true, column=predicted  accuracy=0.6994691710902409
    label   0   1   2   3   4   5   6   7   8   9  10  11  12  13  14  15  16  17  18  19  20  21  22  23  24  25  26  27  28  29  30  31  32  33  34  35  36  37  38  39  40  41  42  43  44  |total
  0   NNP 143  32   5   4   .   .   1   1  10   1   .   .   .   .   .   .   1   .   .   .   .   .   .   .   .   6   .   .   .   1   .   .   .   .   2   .   .   .   .   .   .   .   .   .   .  |207
  1 comma   . 130   .   .   .   .   .   .   .   .   .   .   .   .   .   .   .   .   .   .   .   .   .   .   .   .   .   .   .   .   .   .   .   .   .   .   .   .   .   .   .   .   .   .   .  |130
  2    CD   1   .  43   .   9   1   1   2   5   4   .   .   .   1   .   .   .   .   .   1   .   .   .   1   .   .   .   .   .   .   .   .   .   .   .   .   .   .   .   .   .   .   .   .   .  |69
  3   NNS   6   .   .  96   1   1   .   .   3   3   .   7   .   .   2   .   .   2   .   .   .   .   .   .   .   .   .   .   .   .   .   .   .   .   .   .   .   .   .   .   .   .   .   .   .  |121
  4    JJ  10   .   .   .  70   .   .   2  45   3   .   .   .   .   .   3   4   .   .   .   .   .   .   .   .   .   .   .   .   .   .   .   .   .   .   .   .   .   .   .   .   .   .   .   .  |137
  5    MD   .   .   .   .   .  17   .   .   8   .   .   .   .   .   1   .   1   .   .   .   1   3   .   .   .   .   .   .   .   .   .   .   .   .   .   .   .   .   .   .   .   .   .   .   .  |31
  6    VB   1   .   .   .   5   .  85   .   2   .   .   .   .   .   .   .   1   .   .   .   .   .   .   .   .   .   .   .   .   .   .   .   .   .   .   .   .   .   .   .   .   .   .   .   .  |94
  7    DT   5   .   1   .   1   .   2 210   2  11   .   2   .   1   .   .   9   1   .   .   .   .   .   .   .   .   .   .   .   1   .   .   .   .   .   .   .   .   .   .   .   .   .   .   .  |246
  8    NN  12  13   1   2  25   1   2   2 252   6   .   2   9   4   1   .   2   .   1   .   1   2   .   .   .   .   .   .   .   .   1   .   .   1   .   .   .   .   .   .   .   .   .   .   .  |340
  9    IN  10   .   3   .   9   .   .  11  24 150   1   1   2   1   .   .   2   7   7   .   1   3   .   1   .   3   .   .   .   .   .   .   .   .   .   .   .   .   .   .   .   .   .   .   .  |236
 10     .   1   1   .   .   .   .   .   .   1   .  90   .   .   .   1   .   1   .   .   .   .   .   .   .   .   .   .   .   4   .   .   .   .   .   .   .   .   .   .   .   .   .   .   .   .  |99
 11   VBZ   1   .   .  11   .   .   1   1   2   2   .  44   .   1   .   .   .   .   .   .   .   1   .   .   .   2   .   .   .   1   .   .   .   .   .   .   .   .   .   .   .   .   .   .   .  |67
 12   VBG   .   .   .   .   .   .   .   .   8   .   .   .  38   .   .   .   .   .   .   .   .   .   .   .   .   .   .   .   .   .   .   .   .   .   .   .   .   .   .   .   .   .   .   .   .  |46
 13    CC   1   3   .   .   .   .   .   2   1   4   .   .   .  36   .   .   .   .   .   .   .   .   .   .   .   .   .   .   .   .   .   1   .   .   .   .   .   .   .   .   .   .   .   .   .  |48
 14   VBD   .   .   .   1   2   .   2   .   2   1   .   2   .   .  59   6   3   .   .   .   .   4   .   .   .   .   .   .   .   .   .   .   .   .   .   .   .   .   .   .   .   .   .   .   .  |82
 15   VBN   1   .   .   .   6   .   3   1   1   .   .   .   .   .   6  30   4   .   .   .   .   .   .   .   .   .   .   .   .   .   .   .   .   .   .   .   .   .   .   .   .   .   .   .   .  |52
 16    RB   4   .   1   .   6   .   4   3   9   7   .   .   .   1   4   .  34   .   2   1   .   2   1   .   .   .   .   .   .   1   .   1   .   .   .   .   .   .   .   .   .   .   .   .   .  |81
 17    TO   3   .   1   .   1   .   1   3   .   8   .   .   .   .   .   2   1  43   1   .   .   .   .   2   .   .   .   .   .   .   .   .   .   .   .   .   .   .   .   .   .   .   .   .   .  |66
 18   PRP   4   .   .   1   1   .   3   2   4   2   .   1   .   .   .   .   .   .  39   .   .   2   1   2   .   .   2   .   .   1   .   .   .   .   .   .   .   .   .   .   .   .   .   .   .  |65
 19   RBR   .   .   .   .   .   .   .   .   4   .   .   .   .   .   .   .   1   .   .   2   .   .   .   .   .   .   .   .   .   .   .   2   .   .   .   .   .   .   .   .   .   .   .   .   .  |9
 20   WDT   .   .   .   1   .   .   .   .   .   3   .   .   .   .   1   .   .   .   1   .  10   1   .   .   .   .   .   .   .   .   .   .   .   .   .   .   .   1   .   .   .   .   .   .   .  |18
 21   VBP   .   .   .   .   .   .   1   .   4   .   .   1   .   .   .   1   1   .   2   .   .  20   .   .   .   .   .   .   .   .   .   .   .   .   .   .   .   .   .   .   .   .   .   .   .  |30
 22    RP   .   .   .   .   1   .   .   .   5   7   .   .   .   .   .   .   .   2   .   .   .   1   6   .   .   .   .   .   .   .   .   .   .   .   .   .   .   .   .   .   .   .   .   .   .  |22
 23  PRP$   1   .   .   .   .   .   .   .   .   .   .   3   .   .   .   .   .   .   .   .   .   .   .  16   .   .   .   .   .   .   .   .   .   .   .   .   .   .   .   .   .   .   .   .   .  |20
 24   JJS   .   .   .   .   .   .   .   .   4   .   .   .   .   .   1   .   .   .   .   .   .   .   .   .   1   .   .   .   .   .   .   .   .   .   .   .   .   .   .   .   .   .   .   .   .  |6
 25   POS   1   .   .   .   .   .   .   .   1   1   .   .   .   .   .   .   .   .   .   .   .   .   .   .   .  18   .   .   .   .   .   .   .   .   .   .   .   .   .   .   .   .   .   .   .  |21
 26    ``   2   1   .   .   .   .   .   2   3   3   .   1   .   .   .   .   1   .   4   .   .   .   .   .   .   .   7   .   .   .   .   .   .   .   .   .   .   .   .   .   .   .   .   .   .  |24
 27    EX   .   .   .   .   .   .   .   .   .   .   .   .   .   .   .   .   .   .   .   .   .   .   .   .   .   .   .   .   .   .   .   .   .   .   .   .   .   .   .   .   .   .   .   .   .  |0
 28    ''   2   1   .   .   1   .   .   .   2   1   2   .   .   .   2   .   1   .   5   .   .   .   .   .   .   .   .   .   7   .   .   .   .   .   .   .   .   .   .   .   .   .   .   .   .  |24
 29    WP   .   .   .   .   1   .   .   .   1   1   .   .   .   .   .   .   .   .   .   .   .   .   .   .   .   1   .   .   .   4   .   .   .   .   .   .   .   .   .   .   .   .   .   .   .  |8
 30     :   .   7   .   .   .   .   .   .   .   .   1   .   .   .   .   .   .   .   .   .   .   .   .   .   .   .   .   .   .   .   .   .   .   .   .   .   .   .   .   .   .   .   .   .   .  |8
 31   JJR   .   .   .   .   1   .   .   .   1   .   .   .   .   .   .   .   .   .   .   1   .   .   .   .   .   .   .   .   .   .   .   3   .   .   .   .   .   .   .   .   .   .   .   .   .  |6
 32   WRB   1   .   .   1   1   .   1   .   1   .   .   .   .   .   .   .   .   .   .   .   .   .   .   .   .   .   .   .   .   .   .   .   2   .   .   .   .   .   .   .   .   .   .   .   .  |7
 33     $   .   .   3   .   .   .   .   .   .   .   .   .   .   .   .   .   .   .   .   .   .   .   .   .   .   .   .   .   .   .   .   .   .   5   .   .   .   .   .   .   .   .   .   .   .  |8
 34  NNPS   .   .   .   .   .   .   .   .   .   .   .   .   .   .   .   .   .   .   .   .   .   .   .   .   .   .   .   .   .   .   .   .   .   .   .   .   .   .   .   .   .   .   .   .   .  |0
 35   WP$   .   .   .   .   1   .   .   .   .   .   .   .   .   .   .   .   .   .   .   .   .   .   .   .   .   .   .   .   .   .   .   .   .   .   .   .   .   .   .   .   .   .   .   .   .  |1
 36 -LRB-   .   .   .   .   .   .   .   .   .   2   .   .   .   .   .   .   .   .   .   .   .   .   .   .   .   .   .   .   .   .   .   .   .   .   .   .   3   .   .   .   .   .   .   .   .  |5
 37 -RRB-   .   .   .   .   .   2   .   .   .   2   .   1   .   1   1   .   .   .   .   .   .   .   .   .   .   .   .   .   .   1   .   .   .   .   .   .   .   .   .   .   .   .   .   .   .  |8
 38   PDT   .   .   .   .   .   .   .   .   1   .   .   .   .   .   .   .   .   .   .   .   .   .   .   .   .   .   .   .   .   .   .   .   .   .   .   .   .   .   .   .   .   .   .   .   .  |1
 39   RBS   .   .   .   .   .   .   .   .   1   .   .   .   .   .   .   .   .   .   .   .   .   .   .   .   .   .   .   .   .   .   .   .   .   .   .   .   .   .   .   .   .   .   .   .   .  |1
 40    FW   .   .   .   .   .   .   .   .   2   .   .   .   .   .   .   .   .   .   .   .   .   .   .   .   .   .   .   .   .   .   .   .   .   .   .   .   .   .   .   .   .   .   .   .   .  |2
 41    UH   .   .   .   .   .   .   .   .   .   .   .   .   .   .   .   .   .   .   .   .   .   .   .   .   .   .   .   .   .   .   .   .   .   .   .   .   .   .   .   .   .   .   .   .   .  |0
 42   SYM   .   .   .   .   .   .   .   .   .   .   .   .   .   .   .   .   .   .   .   .   .   .   .   .   .   .   .   .   .   .   .   .   .   .   .   .   .   .   .   .   .   .   .   .   .  |0
 43    LS   .   .   3   .   .   .   .   .   .   .   .   .   .   .   .   .   .   .   .   .   .   .   .   .   .   .   .   .   .   .   .   .   .   .   .   .   .   .   .   .   .   .   .   .   .  |3
 44     #   .   .   .   .   .   .   .   .   .   .   .   .   .   .   .   .   .   .   .   .   .   .   .   .   .   .   .   .   .   .   .   .   .   .   .   .   .   .   .   .   .   .   .   .   .  |0

Trial 0 Trainer MaxEntTrainer,gaussianPriorVariance=1.0 test data accuracy= 0.6994691710902409

MaxEntTrainer,gaussianPriorVariance=1.0
Summary. train accuracy mean = 0.8257088114357064 stddev = 0.0 stderr = 0.0
Summary. test accuracy mean = 0.6994691710902409 stddev = 0.0 stderr = 0.0
