
-------------------- Trial 0  --------------------

Trial 0 Training MaxEntTrainer,gaussianPriorVariance=1.0 with 46451 instances
Trial 0 Training MaxEntTrainer,gaussianPriorVariance=1.0 finished
Trial 0 Trainer MaxEntTrainer,gaussianPriorVariance=1.0 training data accuracy= 0.7605433682805537
Trial 0 Trainer MaxEntTrainer,gaussianPriorVariance=1.0 Test Data Confusion Matrix
Confusion Matrix, row=true, column=predicted  accuracy=0.5814618211514904
    label   0   1   2   3   4   5   6   7   8   9  10  11  12  13  14  15  16  17  18  19  20  21  22  23  24  25  26  27  28  29  30  31  32  33  34  35  36  37  38  39  40  41  42  43  44  |total
  0   NNP  70  72  18   1   4   .   .   4  21   1   1   1   .   2   1   .   2   .   .   .   .   .   .   .   .   7   .   .   .   1   1   .   .   .   .   .   .   .   .   .   .   .   .   .   .  |207
  1 comma   . 129   1   .   .   .   .   .   .   .   .   .   .   .   .   .   .   .   .   .   .   .   .   .   .   .   .   .   .   .   .   .   .   .   .   .   .   .   .   .   .   .   .   .   .  |130
  2    CD   5   8  29   1   4   .   1   2   8   6   .   .   .   1   .   .   .   .   .   1   .   .   .   2   .   .   .   .   .   .   .   .   .   .   .   .   1   .   .   .   .   .   .   .   .  |69
  3   NNS   4  31   3  50   2   1   .   5  13   8   .   .   1   .   1   .   .   1   .   .   .   1   .   .   .   .   .   .   .   .   .   .   .   .   .   .   .   .   .   .   .   .   .   .   .  |121
  4    JJ   7  27  13   5  49   .   1   1  20   5   1   .   .   2   .   1   1   4   .   .   .   .   .   .   .   .   .   .   .   .   .   .   .   .   .   .   .   .   .   .   .   .   .   .   .  |137
  5    MD   .   .   .   .   .  23   .   1   1   2   .   1   .   .   .   .   1   .   .   .   2   .   .   .   .   .   .   .   .   .   .   .   .   .   .   .   .   .   .   .   .   .   .   .   .  |31
  6    VB   .  17   2   .   .   .  67   2   1   .   .   .   .   1   .   1   1   .   1   .   .   .   .   1   .   .   .   .   .   .   .   .   .   .   .   .   .   .   .   .   .   .   .   .   .  |94
  7    DT   2   .   1   2   .   .   2 210   7   9   1   2   .   3   .   .   4   1   .   .   .   .   1   .   .   .   .   .   .   1   .   .   .   .   .   .   .   .   .   .   .   .   .   .   .  |246
  8    NN  11  57  14   9   8   3   2   5 198  15   .   2   3   5   2   1   2   .   1   .   .   .   .   .   .   1   1   .   .   .   .   .   .   .   .   .   .   .   .   .   .   .   .   .   .  |340
  9    IN   3   3   3   3   4   2   .  21  15 149   1   1   2   1   4   1   4   6   6   .   1   1   .   1   .   2   2   .   .   .   .   .   .   .   .   .   .   .   .   .   .   .   .   .   .  |236
 10     .   1   .   .   2   .   1   .   .   2   .  89   .   .   .   1   .   1   .   .   .   .   .   .   .   .   .   .   .   2   .   .   .   .   .   .   .   .   .   .   .   .   .   .   .   .  |99
 11   VBZ   3   9   .   1   .   .   1   1   8   3   .  32   1   1   .   .   .   2   1   .   .   1   .   .   .   2   .   .   .   .   .   .   .   .   .   .   .   1   .   .   .   .   .   .   .  |67
 12   VBG   1  11   4   .   .   .   .   8   4   3   .   .   9   1   .   .   2   1   1   .   .   .   .   1   .   .   .   .   .   .   .   .   .   .   .   .   .   .   .   .   .   .   .   .   .  |46
 13    CC   3   1   1   .   .   .   .   1   3   1   .   .   .  38   .   .   .   .   .   .   .   .   .   .   .   .   .   .   .   .   .   .   .   .   .   .   .   .   .   .   .   .   .   .   .  |48
 14   VBD   4  13   2   1   1   .   .   2   2   7   .   4   .   1  35   2   4   .   1   .   .   1   .   1   .   1   .   .   .   .   .   .   .   .   .   .   .   .   .   .   .   .   .   .   .  |82
 15   VBN   .  11   .   .   2   .   1   3   2   3   .   .   .   1   .  25   2   2   .   .   .   .   .   .   .   .   .   .   .   .   .   .   .   .   .   .   .   .   .   .   .   .   .   .   .  |52
 16    RB   1   8   1   .   1   .   1   4   4  14   .   1   1   1   1   2  32   2   3   .   .   .   2   1   .   .   .   .   .   .   .   1   .   .   .   .   .   .   .   .   .   .   .   .   .  |81
 17    TO   3   .   .   1   2   .   3   2   2   3   .   .   .   .   .   3   1  44   1   .   .   .   .   1   .   .   .   .   .   .   .   .   .   .   .   .   .   .   .   .   .   .   .   .   .  |66
 18   PRP   .   .   .   .   .   .   2   2   .   3   .   1   .   .   .   .   2   .  46   .   .   .   1   2   .   .   4   .   1   1   .   .   .   .   .   .   .   .   .   .   .   .   .   .   .  |65
 19   RBR   .   .   .   .   3   .   .   .   1   .   .   .   .   .   .   .   2   1   .   1   .   .   .   .   .   .   .   .   .   .   .   1   .   .   .   .   .   .   .   .   .   .   .   .   .  |9
 20   WDT   1   .   .   1   .   1   .   .   1   1   .   1   .   .   1   .   .   .   1   .   7   1   .   .   .   1   .   .   .   .   .   .   .   .   .   .   .   1   .   .   .   .   .   .   .  |18
 21   VBP   .   2   .   .   .   .   .   1   2   .   .   .   .   .   .   .   .   .   2   .   .  21   .   .   .   1   .   .   .   1   .   .   .   .   .   .   .   .   .   .   .   .   .   .   .  |30
 22    RP   1   1   .   .   .   .   .   .   1   3   1   .   .   .   .   .   2   4   1   .   .   1   7   .   .   .   .   .   .   .   .   .   .   .   .   .   .   .   .   .   .   .   .   .   .  |22
 23  PRP$   .   .   .   .   .   .   .   .   1   1   .   .   .   .   .   .   .   .   .   .   .   .   .  18   .   .   .   .   .   .   .   .   .   .   .   .   .   .   .   .   .   .   .   .   .  |20
 24   JJS   .   2   .   .   .   .   .   1   1   1   .   .   .   .   .   .   .   .   .   .   .   .   .   .   1   .   .   .   .   .   .   .   .   .   .   .   .   .   .   .   .   .   .   .   .  |6
 25   POS   5   .   .   .   .   .   .   .   2   .   .   .   .   .   .   .   .   .   .   .   .   .   .   .   .  14   .   .   .   .   .   .   .   .   .   .   .   .   .   .   .   .   .   .   .  |21
 26    ``   5   .   .   .   1   .   .   2   2   4   .   1   1   .   .   .   .   .   2   .   .   .   .   .   .   .   6   .   .   .   .   .   .   .   .   .   .   .   .   .   .   .   .   .   .  |24
 27    EX   .   .   .   .   .   .   .   .   .   .   .   .   .   .   .   .   .   .   .   .   .   .   .   .   .   .   .   .   .   .   .   .   .   .   .   .   .   .   .   .   .   .   .   .   .  |0
 28    ''   2   .   1   .   1   .   .   .   .   1   1   2   1   .   1   .   1   .   5   .   .   .   .   .   .   .   .   .   8   .   .   .   .   .   .   .   .   .   .   .   .   .   .   .   .  |24
 29    WP   .   .   .   .   .   .   .   1   .   1   .   .   .   .   .   .   .   .   .   .   .   .   .   .   .   1   .   .   .   5   .   .   .   .   .   .   .   .   .   .   .   .   .   .   .  |8
 30     :   1   .   .   .   .   .   .   .   .   1   4   .   .   1   .   .   .   .   .   .   .   .   .   .   .   .   1   .   .   .   .   .   .   .   .   .   .   .   .   .   .   .   .   .   .  |8
 31   JJR   .   .   .   .   2   .   .   .   1   .   .   .   .   .   .   .   .   .   .   1   .   .   .   .   .   .   .   .   .   .   .   2   .   .   .   .   .   .   .   .   .   .   .   .   .  |6
 32   WRB   .   .   .   .   .   .   1   1   .   .   .   .   .   .   .   .   .   .   .   .   .   .   .   .   .   .   .   .   .   .   1   .   4   .   .   .   .   .   .   .   .   .   .   .   .  |7
 33     $   .   .   3   .   .   .   .   .   .   1   .   .   .   .   .   .   .   .   .   .   .   .   .   .   .   .   .   .   .   .   .   .   .   4   .   .   .   .   .   .   .   .   .   .   .  |8
 34  NNPS   .   .   .   .   .   .   .   .   .   .   .   .   .   .   .   .   .   .   .   .   .   .   .   .   .   .   .   .   .   .   .   .   .   .   .   .   .   .   .   .   .   .   .   .   .  |0
 35   WP$   .   .   .   .   .   .   .   .   .   .   .   .   .   .   .   .   .   .   .   .   .   .   .   .   .   .   .   .   .   .   .   .   .   .   .   1   .   .   .   .   .   .   .   .   .  |1
 36 -LRB-   3   .   .   .   .   .   .   .   .   2   .   .   .   .   .   .   .   .   .   .   .   .   .   .   .   .   .   .   .   .   .   .   .   .   .   .   .   .   .   .   .   .   .   .   .  |5
 37 -RRB-   1   .   .   .   .   2   .   .   1   .   .   .   .   1   1   .   .   .   .   .   .   .   .   .   .   .   .   .   .   1   .   .   .   .   .   .   .   1   .   .   .   .   .   .   .  |8
 38   PDT   .   .   .   .   .   .   .   1   .   .   .   .   .   .   .   .   .   .   .   .   .   .   .   .   .   .   .   .   .   .   .   .   .   .   .   .   .   .   .   .   .   .   .   .   .  |1
 39   RBS   .   .   .   .   .   .   .   .   .   1   .   .   .   .   .   .   .   .   .   .   .   .   .   .   .   .   .   .   .   .   .   .   .   .   .   .   .   .   .   .   .   .   .   .   .  |1
 40    FW   .   1   1   .   .   .   .   .   .   .   .   .   .   .   .   .   .   .   .   .   .   .   .   .   .   .   .   .   .   .   .   .   .   .   .   .   .   .   .   .   .   .   .   .   .  |2
 41    UH   .   .   .   .   .   .   .   .   .   .   .   .   .   .   .   .   .   .   .   .   .   .   .   .   .   .   .   .   .   .   .   .   .   .   .   .   .   .   .   .   .   .   .   .   .  |0
 42   SYM   .   .   .   .   .   .   .   .   .   .   .   .   .   .   .   .   .   .   .   .   .   .   .   .   .   .   .   .   .   .   .   .   .   .   .   .   .   .   .   .   .   .   .   .   .  |0
 43    LS   2   .   .   .   .   .   .   .   .   .   .   1   .   .   .   .   .   .   .   .   .   .   .   .   .   .   .   .   .   .   .   .   .   .   .   .   .   .   .   .   .   .   .   .   .  |3
 44     #   .   .   .   .   .   .   .   .   .   .   .   .   .   .   .   .   .   .   .   .   .   .   .   .   .   .   .   .   .   .   .   .   .   .   .   .   .   .   .   .   .   .   .   .   .  |0

Trial 0 Trainer MaxEntTrainer,gaussianPriorVariance=1.0 test data accuracy= 0.5814618211514904

MaxEntTrainer,gaussianPriorVariance=1.0
Summary. train accuracy mean = 0.7605433682805537 stddev = 0.0 stderr = 0.0
Summary. test accuracy mean = 0.5814618211514904 stddev = 0.0 stderr = 0.0
